Traceback (most recent call last):
  File "/opt/hostedtoolcache/Python/3.7.13/x64/lib/python3.7/site-packages/jupyter_cache/executors/utils.py", line 56, in single_nb_execution
    record_timing=False,
  File "/opt/hostedtoolcache/Python/3.7.13/x64/lib/python3.7/site-packages/nbclient/client.py", line 1204, in execute
    return NotebookClient(nb=nb, resources=resources, km=km, **kwargs).execute()
  File "/opt/hostedtoolcache/Python/3.7.13/x64/lib/python3.7/site-packages/nbclient/util.py", line 84, in wrapped
    return just_run(coro(*args, **kwargs))
  File "/opt/hostedtoolcache/Python/3.7.13/x64/lib/python3.7/site-packages/nbclient/util.py", line 62, in just_run
    return loop.run_until_complete(coro)
  File "/opt/hostedtoolcache/Python/3.7.13/x64/lib/python3.7/asyncio/base_events.py", line 587, in run_until_complete
    return future.result()
  File "/opt/hostedtoolcache/Python/3.7.13/x64/lib/python3.7/site-packages/nbclient/client.py", line 664, in async_execute
    cell, index, execution_count=self.code_cells_executed + 1
  File "/opt/hostedtoolcache/Python/3.7.13/x64/lib/python3.7/site-packages/nbclient/client.py", line 965, in async_execute_cell
    await self._check_raise_for_error(cell, cell_index, exec_reply)
  File "/opt/hostedtoolcache/Python/3.7.13/x64/lib/python3.7/site-packages/nbclient/client.py", line 862, in _check_raise_for_error
    raise CellExecutionError.from_cell_and_msg(cell, exec_reply_content)
nbclient.exceptions.CellExecutionError: An error occurred while executing the following cell:
------------------
from LGNDataset import LGNDataset

train_files = ['root://eospublic.cern.ch//eos/opendata/cms/datascience/HiggsToBBNtupleProducerTool/HiggsToBBNTuple_HiggsToBB_QCD_RunII_13TeV_MC/train/ntuple_merged_11.root']
test_files = ['root://eospublic.cern.ch//eos/opendata/cms/datascience/HiggsToBBNtupleProducerTool/HiggsToBBNTuple_HiggsToBB_QCD_RunII_13TeV_MC/test/ntuple_merged_1.root']

train_generator = LGNDataset(features, labels, spectators, n_events=2000, npad = ntracks,
                             file_names=train_files)
train_generator.process()

test_generator = LGNDataset(features, labels, spectators, n_events=1000, npad = ntracks,
                             file_names=test_files)
test_generator.process()
------------------

[0;31m---------------------------------------------------------------------------[0m
[0;31mModuleNotFoundError[0m                       Traceback (most recent call last)
[0;32m/opt/hostedtoolcache/Python/3.7.13/x64/lib/python3.7/site-packages/uproot/extras.py[0m in [0;36mXRootD_client[0;34m()[0m
[1;32m     73[0m     [0;32mtry[0m[0;34m:[0m[0;34m[0m[0;34m[0m[0m
[0;32m---> 74[0;31m         [0;32mimport[0m [0mXRootD[0m[0;34m[0m[0;34m[0m[0m
[0m[1;32m     75[0m         [0;32mimport[0m [0mXRootD[0m[0;34m.[0m[0mclient[0m[0;34m[0m[0;34m[0m[0m

[0;31mModuleNotFoundError[0m: No module named 'XRootD'

During handling of the above exception, another exception occurred:

[0;31mModuleNotFoundError[0m                       Traceback (most recent call last)
[0;32m/tmp/ipykernel_2223/1644403073.py[0m in [0;36m<module>[0;34m[0m
[1;32m      6[0m train_generator = LGNDataset(features, labels, spectators, n_events=2000, npad = ntracks,
[1;32m      7[0m                              file_names=train_files)
[0;32m----> 8[0;31m [0mtrain_generator[0m[0;34m.[0m[0mprocess[0m[0;34m([0m[0;34m)[0m[0;34m[0m[0;34m[0m[0m
[0m[1;32m      9[0m [0;34m[0m[0m
[1;32m     10[0m test_generator = LGNDataset(features, labels, spectators, n_events=1000, npad = ntracks,

[0;32m~/work/iaifi-summer-school/iaifi-summer-school/book/LGNDataset.py[0m in [0;36mprocess[0;34m(self)[0m
[1;32m     67[0m         """
[1;32m     68[0m         [0;32mfor[0m [0mraw_path[0m [0;32min[0m [0mself[0m[0;34m.[0m[0mraw_file_names[0m[0;34m:[0m[0;34m[0m[0;34m[0m[0m
[0;32m---> 69[0;31m             [0;32mwith[0m [0muproot[0m[0;34m.[0m[0mopen[0m[0;34m([0m[0mraw_path[0m[0;34m,[0m [0;34m**[0m[0mget_file_handler[0m[0;34m([0m[0mraw_path[0m[0;34m)[0m[0;34m)[0m [0;32mas[0m [0mroot_file[0m[0;34m:[0m[0;34m[0m[0;34m[0m[0m
[0m[1;32m     70[0m [0;34m[0m[0m
[1;32m     71[0m                 [0mtree[0m [0;34m=[0m [0mroot_file[0m[0;34m[[0m[0;34m'deepntuplizer/tree'[0m[0;34m][0m[0;34m[0m[0;34m[0m[0m

[0;32m/opt/hostedtoolcache/Python/3.7.13/x64/lib/python3.7/site-packages/uproot/reading.py[0m in [0;36mopen[0;34m(path, object_cache, array_cache, custom_classes, decompression_executor, interpretation_executor, **options)[0m
[1;32m    146[0m         [0mdecompression_executor[0m[0;34m=[0m[0mdecompression_executor[0m[0;34m,[0m[0;34m[0m[0;34m[0m[0m
[1;32m    147[0m         [0minterpretation_executor[0m[0;34m=[0m[0minterpretation_executor[0m[0;34m,[0m[0;34m[0m[0;34m[0m[0m
[0;32m--> 148[0;31m         [0;34m**[0m[0moptions[0m[0;34m,[0m  [0;31m# NOTE: a comma after **options breaks Python 2[0m[0;34m[0m[0;34m[0m[0m
[0m[1;32m    149[0m     )
[1;32m    150[0m [0;34m[0m[0m

[0;32m/opt/hostedtoolcache/Python/3.7.13/x64/lib/python3.7/site-packages/uproot/reading.py[0m in [0;36m__init__[0;34m(self, file_path, object_cache, array_cache, custom_classes, decompression_executor, interpretation_executor, **options)[0m
[1;32m    579[0m         )
[1;32m    580[0m         self._source = Source(
[0;32m--> 581[0;31m             [0mfile_path[0m[0;34m,[0m [0;34m**[0m[0mself[0m[0;34m.[0m[0m_options[0m  [0;31m# NOTE: a comma after **options breaks Python 2[0m[0;34m[0m[0;34m[0m[0m
[0m[1;32m    582[0m         )
[1;32m    583[0m [0;34m[0m[0m

[0;32m/opt/hostedtoolcache/Python/3.7.13/x64/lib/python3.7/site-packages/uproot/source/xrootd.py[0m in [0;36m__init__[0;34m(self, file_path, **options)[0m
[1;32m    451[0m         [0mself[0m[0;34m.[0m[0m_file_path[0m [0;34m=[0m [0mfile_path[0m[0;34m[0m[0;34m[0m[0m
[1;32m    452[0m         [0mself[0m[0;34m.[0m[0m_num_bytes[0m [0;34m=[0m [0;32mNone[0m[0;34m[0m[0;34m[0m[0m
[0;32m--> 453[0;31m         [0mself[0m[0;34m.[0m[0m_open[0m[0;34m([0m[0;34m)[0m[0;34m[0m[0;34m[0m[0m
[0m[1;32m    454[0m [0;34m[0m[0m
[1;32m    455[0m     [0;32mdef[0m [0m_open[0m[0;34m([0m[0mself[0m[0;34m)[0m[0;34m:[0m[0;34m[0m[0;34m[0m[0m

[0;32m/opt/hostedtoolcache/Python/3.7.13/x64/lib/python3.7/site-packages/uproot/source/xrootd.py[0m in [0;36m_open[0;34m(self)[0m
[1;32m    457[0m             [
[1;32m    458[0m                 [0mXRootDResource[0m[0;34m([0m[0mself[0m[0;34m.[0m[0m_file_path[0m[0;34m,[0m [0mself[0m[0;34m.[0m[0m_timeout[0m[0;34m)[0m[0;34m[0m[0;34m[0m[0m
[0;32m--> 459[0;31m                 [0;32mfor[0m [0mx[0m [0;32min[0m [0mrange[0m[0;34m([0m[0mself[0m[0;34m.[0m[0m_num_workers[0m[0;34m)[0m[0;34m[0m[0;34m[0m[0m
[0m[1;32m    460[0m             ]
[1;32m    461[0m         )

[0;32m/opt/hostedtoolcache/Python/3.7.13/x64/lib/python3.7/site-packages/uproot/source/xrootd.py[0m in [0;36m<listcomp>[0;34m(.0)[0m
[1;32m    457[0m             [
[1;32m    458[0m                 [0mXRootDResource[0m[0;34m([0m[0mself[0m[0;34m.[0m[0m_file_path[0m[0;34m,[0m [0mself[0m[0;34m.[0m[0m_timeout[0m[0;34m)[0m[0;34m[0m[0;34m[0m[0m
[0;32m--> 459[0;31m                 [0;32mfor[0m [0mx[0m [0;32min[0m [0mrange[0m[0;34m([0m[0mself[0m[0;34m.[0m[0m_num_workers[0m[0;34m)[0m[0;34m[0m[0;34m[0m[0m
[0m[1;32m    460[0m             ]
[1;32m    461[0m         )

[0;32m/opt/hostedtoolcache/Python/3.7.13/x64/lib/python3.7/site-packages/uproot/source/xrootd.py[0m in [0;36m__init__[0;34m(self, file_path, timeout)[0m
[1;32m     81[0m         [0mself[0m[0;34m.[0m[0m_file_path[0m [0;34m=[0m [0mfile_path[0m[0;34m[0m[0;34m[0m[0m
[1;32m     82[0m         [0mself[0m[0;34m.[0m[0m_timeout[0m [0;34m=[0m [0mtimeout[0m[0;34m[0m[0;34m[0m[0m
[0;32m---> 83[0;31m         [0mself[0m[0;34m.[0m[0m_open[0m[0;34m([0m[0;34m)[0m[0;34m[0m[0;34m[0m[0m
[0m[1;32m     84[0m [0;34m[0m[0m
[1;32m     85[0m     [0;32mdef[0m [0m_open[0m[0;34m([0m[0mself[0m[0;34m)[0m[0;34m:[0m[0;34m[0m[0;34m[0m[0m

[0;32m/opt/hostedtoolcache/Python/3.7.13/x64/lib/python3.7/site-packages/uproot/source/xrootd.py[0m in [0;36m_open[0;34m(self)[0m
[1;32m     84[0m [0;34m[0m[0m
[1;32m     85[0m     [0;32mdef[0m [0m_open[0m[0;34m([0m[0mself[0m[0;34m)[0m[0;34m:[0m[0;34m[0m[0;34m[0m[0m
[0;32m---> 86[0;31m         [0mXRootD_client[0m [0;34m=[0m [0muproot[0m[0;34m.[0m[0mextras[0m[0;34m.[0m[0mXRootD_client[0m[0;34m([0m[0;34m)[0m[0;34m[0m[0;34m[0m[0m
[0m[1;32m     87[0m [0;34m[0m[0m
[1;32m     88[0m         [0mself[0m[0;34m.[0m[0m_file[0m [0;34m=[0m [0mXRootD_client[0m[0;34m.[0m[0mFile[0m[0;34m([0m[0;34m)[0m[0;34m[0m[0;34m[0m[0m

[0;32m/opt/hostedtoolcache/Python/3.7.13/x64/lib/python3.7/site-packages/uproot/extras.py[0m in [0;36mXRootD_client[0;34m()[0m
[1;32m     81[0m     [0mconda[0m [0minstall[0m [0;34m-[0m[0mc[0m [0mconda[0m[0;34m-[0m[0mforge[0m [0mxrootd[0m[0;34m[0m[0;34m[0m[0m
[1;32m     82[0m [0;34m[0m[0m
[0;32m---> 83[0;31m (or download from http://xrootd.org/dload.html and manually compile with """
[0m[1;32m     84[0m             [0;34m"""cmake; setting PYTHONPATH and LD_LIBRARY_PATH appropriately)."""[0m[0;34m[0m[0;34m[0m[0m
[1;32m     85[0m         )

[0;31mModuleNotFoundError[0m: Install XRootD python bindings with:

    conda install -c conda-forge xrootd

(or download from http://xrootd.org/dload.html and manually compile with cmake; setting PYTHONPATH and LD_LIBRARY_PATH appropriately).
ModuleNotFoundError: Install XRootD python bindings with:

    conda install -c conda-forge xrootd

(or download from http://xrootd.org/dload.html and manually compile with cmake; setting PYTHONPATH and LD_LIBRARY_PATH appropriately).

